<?xml version="1.0" encoding="UTF-8"?>
<testng-results ignored="0" total="1" passed="1" failed="0" skipped="0">
  <reporter-output>
  </reporter-output>
  <suite started-at="2025-05-05T12:24:54 EDT" name="LoginSuite" finished-at="2025-05-05T12:24:57 EDT" duration-ms="3069">
    <groups>
    </groups>
    <test started-at="2025-05-05T12:24:54 EDT" name="LoginTests" finished-at="2025-05-05T12:24:57 EDT" duration-ms="3069">
      <class name="test.LoginTest">
        <test-method is-config="true" signature="setUp()[pri:0, instance:test.LoginTest@4afcd809]" started-at="2025-05-05T12:24:54 EDT" name="setUp" finished-at="2025-05-05T12:24:57 EDT" duration-ms="2486" status="PASS">
          <reporter-output>
          </reporter-output>
        </test-method> <!-- setUp -->
        <test-method signature="testValidLogin()[pri:0, instance:test.LoginTest@4afcd809]" started-at="2025-05-05T12:24:57 EDT" name="testValidLogin" finished-at="2025-05-05T12:24:57 EDT" duration-ms="556" status="PASS">
          <reporter-output>
          </reporter-output>
        </test-method> <!-- testValidLogin -->
        <test-method is-config="true" signature="tearDown()[pri:0, instance:test.LoginTest@4afcd809]" started-at="2025-05-05T12:24:57 EDT" name="tearDown" finished-at="2025-05-05T12:24:57 EDT" duration-ms="0" status="PASS">
          <reporter-output>
          </reporter-output>
        </test-method> <!-- tearDown -->
      </class> <!-- test.LoginTest -->
    </test> <!-- LoginTests -->
  </suite> <!-- LoginSuite -->
</testng-results>
